<?xml version="1.0" encoding="UTF-8"?>
<!-- Generated by org.testng.reporters.JUnitReportReporter -->
<testsuite hostname="DESKTOP-PN8BVIB" failures="0" tests="2" name="pkg_Selenium.SeleniumTest3" time="0.017" errors="0" timestamp="2022-08-22T17:33:22 IST" skipped="0">
  <testcase classname="pkg_Selenium.SeleniumTest3" name="TC_001" time="0.013"/>
  <system-out/>
  <testcase classname="pkg_Selenium.SeleniumTest3" name="TC_002" time="0.004"/>
  <system-out/>
</testsuite> <!-- pkg_Selenium.SeleniumTest3 -->
