<?xml version="1.0" encoding="UTF-8"?>
<!-- Generated by org.testng.reporters.JUnitReportReporter -->
<testsuite hostname="DESKTOP-PN8BVIB" failures="0" tests="2" name="pkg_Selenium.SeleniumTest1" time="0.018" errors="0" timestamp="2022-08-22T17:31:49 IST" skipped="0">
  <testcase classname="pkg_Selenium.SeleniumTest1" name="TC_001" time="0.016"/>
  <system-out/>
  <testcase classname="pkg_Selenium.SeleniumTest1" name="TC_002" time="0.002"/>
  <system-out/>
</testsuite> <!-- pkg_Selenium.SeleniumTest1 -->
