<?xml version="1.0" encoding="UTF-8"?>
<!-- Generated by org.testng.reporters.JUnitReportReporter -->
<testsuite hostname="DESKTOP-PN8BVIB" failures="0" tests="2" name="pkg_Selenium.SeleniumTest2" time="0.016" errors="0" timestamp="2022-08-22T17:32:56 IST" skipped="0">
  <testcase classname="pkg_Selenium.SeleniumTest2" name="TC_001" time="0.013"/>
  <system-out/>
  <testcase classname="pkg_Selenium.SeleniumTest2" name="TC_002" time="0.003"/>
  <system-out/>
</testsuite> <!-- pkg_Selenium.SeleniumTest2 -->
