<?xml version="1.0" encoding="UTF-8"?>
<!-- Generated by org.testng.reporters.JUnitReportReporter -->
<testsuite hostname="DESKTOP-PN8BVIB" failures="0" tests="4" name="pkg_Selenium.SeleniumTest2" time="0.028" errors="0" timestamp="2022-08-22T20:28:54 IST" skipped="0">
  <testcase classname="pkg_Selenium.SeleniumTest2" name="TC_001" time="0.013"/>
  <system-out/>
  <testcase classname="pkg_Selenium.SeleniumTest2" name="TC_002" time="0.006"/>
  <system-out/>
  <testcase classname="pkg_Selenium.SeleniumTest2" name="TC_004" time="0.003"/>
  <system-out/>
  <testcase classname="pkg_Selenium.SeleniumTest2" name="TC_003" time="0.006"/>
  <system-out/>
</testsuite> <!-- pkg_Selenium.SeleniumTest2 -->
